#
# A fatal error has been detected by the Java Runtime Environment:
#
#  SIGSEGV (0xb) at pc=0x00000001063c0f09, pid=947, tid=0x0000000000003603
#
# JRE version: OpenJDK Runtime Environment (8.0_152-b01) (build 1.8.0_152-release-1248-b01)
# Java VM: OpenJDK 64-Bit Server VM (25.152-b01 mixed mode bsd-amd64 compressed oops)
# Problematic frame:
# V  [libjvm.dylib+0x3c0f09]
#
# Failed to write core dump. Core dumps have been disabled. To enable core dumping, try "ulimit -c unlimited" before starting Java again
#
# If you would like to submit a bug report, please visit:
#   http://bugreport.java.com/bugreport/crash.jsp
#

---------------  T H R E A D  ---------------

Current thread (0x00007fb530812000):  JavaThread "C2 CompilerThread0" daemon [_thread_in_native, id=13827, stack(0x00007000106dd000,0x00007000107dd000)]

siginfo: si_signo: 11 (SIGSEGV), si_code: 1 (SEGV_MAPERR), si_addr: 0x000077b5381d2050

Registers:
RAX=0x00007fb538593fb0, RBX=0x00007fb531886ea8, RCX=0x0000000000000095, RDX=0x0000000120a4e010
RSP=0x00007000107d91b0, RBP=0x00007000107d9210, RSI=0x000000000000002e, RDI=0x00000000b40e0048
R8 =0x0000000000000000, R9 =0xffffffff00000000, R10=0x0000000106816130, R11=0x0000000000001800
R12=0x00007000107d9528, R13=0x000000000000008b, R14=0x000077b5381d2050, R15=0x00000000000005c6
RIP=0x00000001063c0f09, EFLAGS=0x0000000000010206, ERR=0x0000000000000004
  TRAPNO=0x000000000000000e

Top of Stack: (sp=0x00007000107d91b0)
0x00007000107d91b0:   00007000107d9490 00007000107d9548
0x00007000107d91c0:   00007000107d9eb8 00007000107d94b8
0x00007000107d91d0:   00007000107d9468 00007fb531886ea8
0x00007000107d91e0:   0000000000000095 00007fb536d069b0
0x00007000107d91f0:   00007fb52fc12280 00007000107d9538
0x00007000107d9200:   00007000107d9528 0000000000000012
0x00007000107d9210:   00007000107d9510 00000001063c0588
0x00007000107d9220:   0000000000000000 00007fb52fc12280
0x00007000107d9230:   0000000000000004 00007fb538a61210
0x00007000107d9240:   0000000000000000 00000001064181f8
0x00007000107d9250:   00007000107d93cc 000000011fc40000
0x00007000107d9260:   00007fb530869468 00007fb53867b388
0x00007000107d9270:   0000000000000001 0000000000021000
0x00007000107d9280:   ffffffffffffffff 000000010575c000
0x00007000107d9290:   0000000000000000 000000010575d980
0x00007000107d92a0:   00007000107d9300 00007fff7f2aea7e
0x00007000107d92b0:   000000010575d980 0000000000000001
0x00007000107d92c0:   0000000000000000 0000000000000000
0x00007000107d92d0:   00007000107d93cc 00000001068136fc
0x00007000107d92e0:   0000000000020010 0000000000020010
0x00007000107d92f0:   0000000000000000 000000010575c000
0x00007000107d9300:   00007000107d9330 00007fff7f2a8ffe
0x00007000107d9310:   00000001068136fc 0000000000000000
0x00007000107d9320:   00007fffb1e84000 0000000000020010
0x00007000107d9330:   00007000107d9360 00007fff7f2a7c05
0x00007000107d9340:   0000000000020010 00000001068136fc
0x00007000107d9350:   00007000107d93d0 000000000000000c
0x00007000107d9360:   00007000107d9380 00007fff7f2a7b81
0x00007000107d9370:   0000000000000000 00000001068136fc
0x00007000107d9380:   00007000107d93c0 000000010645cdd7
0x00007000107d9390:   0000000000000000 0000000000020010
0x00007000107d93a0:   00007fb531d9c400 00007fb531d9c478 

Instructions: (pc=0x00000001063c0f09)
0x00000001063c0ee9:   8b 4d d0 41 39 cf 0f 83 fb 00 00 00 45 89 fd 48
0x00000001063c0ef9:   8b 43 08 4e 8b 34 e8 4d 85 f6 0f 84 db 00 00 00
0x00000001063c0f09:   49 8b 06 4c 89 f7 ff 90 b0 00 00 00 84 c0 74 3b
0x00000001063c0f19:   49 8b 06 4c 89 f7 ff 50 10 84 c0 75 2e 49 8b 46 

Register to memory mapping:

RAX=0x00007fb538593fb0 is an unknown value
RBX=0x00007fb531886ea8 is an unknown value
RCX=0x0000000000000095 is an unknown value
RDX=0x0000000120a4e010 is an unknown value
RSP=0x00007000107d91b0 is pointing into the stack for thread: 0x00007fb530812000
RBP=0x00007000107d9210 is pointing into the stack for thread: 0x00007fb530812000
RSI=0x000000000000002e is an unknown value
RDI=0x00000000b40e0048 is an unknown value
R8 =0x0000000000000000 is an unknown value
R9 =0xffffffff00000000 is an unknown value
R10=0x0000000106816130: _ZL8tc_mutex+0x18 in /Applications/Android Studio.app/Contents/jre/jdk/Contents/Home/jre/lib/server/libjvm.dylib at 0x0000000106000000
R11=0x0000000000001800 is an unknown value
R12=0x00007000107d9528 is pointing into the stack for thread: 0x00007fb530812000
R13=0x000000000000008b is an unknown value
R14=0x000077b5381d2050 is an unknown value
R15=0x00000000000005c6 is an unknown value


Stack: [0x00007000106dd000,0x00007000107dd000],  sp=0x00007000107d91b0,  free space=1008k
Native frames: (J=compiled Java code, j=interpreted, Vv=VM code, C=native code)
V  [libjvm.dylib+0x3c0f09]
V  [libjvm.dylib+0x3c0588]
V  [libjvm.dylib+0x19ef2f]
V  [libjvm.dylib+0x19ddb5]
V  [libjvm.dylib+0x13cfab]
V  [libjvm.dylib+0x1a959e]
V  [libjvm.dylib+0x1a8a93]
V  [libjvm.dylib+0x5326e8]
V  [libjvm.dylib+0x5325ad]
V  [libjvm.dylib+0x45fb8d]
C  [libsystem_pthread.dylib+0x32eb]  _pthread_body+0x7e
C  [libsystem_pthread.dylib+0x6249]  _pthread_start+0x42
C  [libsystem_pthread.dylib+0x240d]  thread_start+0xd
C  0x0000000000000000


Current CompileTask:
C2:5073203 28009       4       org.gradle.api.internal.artifacts.ivyservice.ivyresolve.RepositoryChainArtifactResolver::resolveArtifact (56 bytes)


---------------  P R O C E S S  ---------------

Java Threads: ( => current thread )
  0x00007fb531aaf800 JavaThread "RMI TCP Connection(21)-127.0.0.1" daemon [_thread_in_native, id=39435, stack(0x0000700013058000,0x0000700013158000)]
  0x00007fb5386b6000 JavaThread "RMI RenewClean-[127.0.0.1:17444,org.jetbrains.kotlin.daemon.common.LoopbackNetworkInterface$ClientLoopbackSocketFactory@7c74b844]" daemon [_thread_blocked, id=15699, stack(0x0000700012f55000,0x0000700013055000)]
  0x00007fb530a85000 JavaThread "Cache worker for Build Output Cleanup Cache (/Users/Irfan/AndroidStudioProjects/MobileComputing/BandungWeather/.gradle/buildOutputCleanup)" [_thread_blocked, id=37419, stack(0x000070001263a000,0x000070001273a000)]
  0x00007fb5387f2000 JavaThread "Cache worker for task history cache (/Users/Irfan/AndroidStudioProjects/MobileComputing/BandungWeather/.gradle/4.10.1/taskHistory)" [_thread_blocked, id=35111, stack(0x0000700012537000,0x0000700012637000)]
  0x00007fb5341b0000 JavaThread "Task worker for ':' Thread 3" [_thread_blocked, id=23891, stack(0x0000700012434000,0x0000700012534000)]
  0x00007fb53469b800 JavaThread "Task worker for ':' Thread 2" [_thread_in_native, id=39771, stack(0x0000700012331000,0x0000700012431000)]
  0x00007fb5382f6000 JavaThread "Task worker for ':'" [_thread_blocked, id=31535, stack(0x000070001222e000,0x000070001232e000)]
  0x00007fb539d50000 JavaThread "Cache worker for file content cache (/Users/Irfan/AndroidStudioProjects/MobileComputing/BandungWeather/.gradle/4.10.1/fileContent)" [_thread_blocked, id=16431, stack(0x000070001212b000,0x000070001222b000)]
  0x00007fb530ec0000 JavaThread "Build operations Thread 4" [_thread_blocked, id=40011, stack(0x0000700011e22000,0x0000700011f22000)]
  0x00007fb538352800 JavaThread "Build operations Thread 3" [_thread_blocked, id=22807, stack(0x0000700011d1f000,0x0000700011e1f000)]
  0x00007fb5398a6800 JavaThread "Build operations Thread 2" [_thread_blocked, id=38147, stack(0x0000700011c1c000,0x0000700011d1c000)]
  0x00007fb534337800 JavaThread "Build operations" [_thread_blocked, id=37691, stack(0x0000700011b19000,0x0000700011c19000)]
  0x00007fb530ff1800 JavaThread "Cache worker for cache directory md-rule (/Users/Irfan/.gradle/caches/4.10.1/md-rule)" [_thread_blocked, id=33327, stack(0x0000700011913000,0x0000700011a13000)]
  0x00007fb538b14000 JavaThread "Cache worker for cache directory md-supplier (/Users/Irfan/.gradle/caches/4.10.1/md-supplier)" [_thread_blocked, id=28219, stack(0x0000700011810000,0x0000700011910000)]
  0x00007fb531b07000 JavaThread "Cache worker for file hash cache (/Users/Irfan/AndroidStudioProjects/MobileComputing/BandungWeather/.gradle/4.10.1/fileHashes)" [_thread_blocked, id=44595, stack(0x000070001160a000,0x000070001170a000)]
  0x00007fb531ec2800 JavaThread "Stdin handler" [_thread_blocked, id=39179, stack(0x0000700011301000,0x0000700011401000)]
  0x00007fb538265000 JavaThread "Asynchronous log dispatcher for DefaultDaemonConnection: socket connection from /127.0.0.1:49404 to /127.0.0.1:50393" [_thread_blocked, id=24415, stack(0x00007000111fe000,0x00007000112fe000)]
  0x00007fb538feb800 JavaThread "Daemon worker Thread 11" [_thread_blocked, id=41479, stack(0x00007000110fb000,0x00007000111fb000)]
  0x00007fb530f61800 JavaThread "Cancel handler" [_thread_blocked, id=4187, stack(0x0000700010ff8000,0x00007000110f8000)]
  0x00007fb5398a3000 JavaThread "Handler for socket connection from /127.0.0.1:49404 to /127.0.0.1:50393" [_thread_in_native, id=15895, stack(0x0000700010ef5000,0x0000700010ff5000)]
  0x00007fb534275800 JavaThread "Daemon Thread 11" [_thread_blocked, id=25667, stack(0x0000700010df2000,0x0000700010ef2000)]
  0x00007fb535fcf000 JavaThread "RMI RenewClean-[127.0.0.1:17444,org.jetbrains.kotlin.daemon.common.LoopbackNetworkInterface$ClientLoopbackSocketFactory@2e5f789e]" daemon [_thread_blocked, id=38707, stack(0x0000700012d4f000,0x0000700012e4f000)]
  0x00007fb534449000 JavaThread "RMI RenewClean-[127.0.0.1:17444,org.jetbrains.kotlin.daemon.common.LoopbackNetworkInterface$ClientLoopbackSocketFactory@561cf5f5]" daemon [_thread_blocked, id=41007, stack(0x0000700012c4c000,0x0000700012d4c000)]
  0x00007fb531600000 JavaThread "Cache worker for Java compile cache (/Users/Irfan/.gradle/caches/4.10.1/javaCompile)" [_thread_blocked, id=33031, stack(0x0000700012e52000,0x0000700012f52000)]
  0x00007fb530058800 JavaThread "RMI Reaper" [_thread_blocked, id=30467, stack(0x0000700013567000,0x0000700013667000)]
  0x00007fb531c20000 JavaThread "RMI TCP Accept-0" daemon [_thread_in_native, id=29955, stack(0x0000700013464000,0x0000700013564000)]
  0x00007fb534822000 JavaThread "GC Daemon" daemon [_thread_blocked, id=27399, stack(0x0000700013361000,0x0000700013461000)]
  0x00007fb530ec4000 JavaThread "RMI RenewClean-[127.0.0.1:17444,org.jetbrains.kotlin.daemon.common.LoopbackNetworkInterface$ClientLoopbackSocketFactory@704d8a5a]" daemon [_thread_blocked, id=26375, stack(0x000070001286b000,0x000070001296b000)]
  0x00007fb534127800 JavaThread "RMI Scheduler(0)" daemon [_thread_blocked, id=36619, stack(0x0000700012768000,0x0000700012868000)]
  0x00007fb534004000 JavaThread "process reaper" daemon [_thread_in_native, id=36871, stack(0x000070001273d000,0x0000700012765000)]
  0x00007fb533994800 JavaThread "MarlinRenderer Disposer" daemon [_thread_blocked, id=27655, stack(0x0000700012b49000,0x0000700012c49000)]
  0x00007fb534978000 JavaThread "Java2D Disposer" daemon [_thread_blocked, id=36359, stack(0x0000700012a46000,0x0000700012b46000)]
  0x00007fb534a14000 JavaThread "AWT-AppKit" daemon [_thread_in_native, id=775, stack(0x00007ffee9cbd000,0x00007ffeea4bd000)]
  0x00007fb535af4000 JavaThread "Cache worker for file content cache (/Users/Irfan/.gradle/caches/4.10.1/fileContent)" [_thread_blocked, id=25875, stack(0x0000700012028000,0x0000700012128000)]
  0x00007fb531c4e000 JavaThread "Memory manager" [_thread_blocked, id=24835, stack(0x0000700011f25000,0x0000700012025000)]
  0x00007fb5341ab000 JavaThread "Cache worker for Artifact transforms cache (/Users/Irfan/.gradle/caches/transforms-1)" [_thread_blocked, id=40707, stack(0x0000700011a16000,0x0000700011b16000)]
  0x00007fb5337cd800 JavaThread "Cache worker for journal cache (/Users/Irfan/.gradle/caches/journal-1)" [_thread_blocked, id=41987, stack(0x000070001170d000,0x000070001180d000)]
  0x00007fb530966000 JavaThread "File lock request listener" [_thread_in_native, id=23299, stack(0x0000700011507000,0x0000700011607000)]
  0x00007fb532286000 JavaThread "Cache worker for file hash cache (/Users/Irfan/.gradle/caches/4.10.1/fileHashes)" [_thread_blocked, id=23043, stack(0x0000700011404000,0x0000700011504000)]
  0x00007fb5320b4800 JavaThread "Daemon periodic checks" [_thread_blocked, id=17155, stack(0x0000700010cef000,0x0000700010def000)]
  0x00007fb531111000 JavaThread "Incoming local TCP Connector on port 49404" [_thread_in_native, id=17411, stack(0x0000700010bec000,0x0000700010cec000)]
  0x00007fb531852800 JavaThread "Service Thread" daemon [_thread_blocked, id=18435, stack(0x00007000109e6000,0x0000700010ae6000)]
  0x00007fb53181c800 JavaThread "C1 CompilerThread2" daemon [_thread_blocked, id=14595, stack(0x00007000108e3000,0x00007000109e3000)]
  0x00007fb530044000 JavaThread "C2 CompilerThread1" daemon [_thread_in_native, id=14339, stack(0x00007000107e0000,0x00007000108e0000)]
=>0x00007fb530812000 JavaThread "C2 CompilerThread0" daemon [_thread_in_native, id=13827, stack(0x00007000106dd000,0x00007000107dd000)]
  0x00007fb530045000 JavaThread "Signal Dispatcher" daemon [_thread_blocked, id=13315, stack(0x00007000105da000,0x00007000106da000)]
  0x00007fb530037000 JavaThread "Finalizer" daemon [_thread_blocked, id=20227, stack(0x00007000104d7000,0x00007000105d7000)]
  0x00007fb53080a800 JavaThread "Reference Handler" daemon [_thread_blocked, id=20483, stack(0x00007000103d4000,0x00007000104d4000)]
  0x00007fb530009800 JavaThread "main" [_thread_blocked, id=9987, stack(0x000070000fdc2000,0x000070000fec2000)]

Other Threads:
  0x00007fb530805800 VMThread [stack: 0x00007000102d1000,0x00007000103d1000] [id=20995]
  0x00007fb53181d800 WatcherThread [stack: 0x0000700010ae9000,0x0000700010be9000] [id=17923]

VM state:not at safepoint (normal execution)

VM Mutex/Monitor currently owned by a thread: None

Heap:
 PSYoungGen      total 479232K, used 334747K [0x00000007a0000000, 0x00000007bfb00000, 0x00000007c0000000)
  eden space 444416K, 70% used [0x00000007a0000000,0x00000007b3289bf0,0x00000007bb200000)
  from space 34816K, 59% used [0x00000007bd900000,0x00000007bed5d1c8,0x00000007bfb00000)
  to   space 37376K, 0% used [0x00000007bb200000,0x00000007bb200000,0x00000007bd680000)
 ParOldGen       total 175616K, used 82300K [0x0000000760000000, 0x000000076ab80000, 0x00000007a0000000)
  object space 175616K, 46% used [0x0000000760000000,0x000000076505f3d0,0x000000076ab80000)
 Metaspace       used 109697K, capacity 116001K, committed 116352K, reserved 1150976K
  class space    used 13692K, capacity 14817K, committed 14976K, reserved 1048576K

Card table byte_map: [0x0000000106e65000,0x0000000107166000] byte_map_base: 0x0000000103365000

Marking Bits: (ParMarkBitMap*) 0x000000010682c8f8
 Begin Bits: [0x0000000107366000, 0x0000000108b66000)
 End Bits:   [0x0000000108b66000, 0x000000010a366000)

Polling page: 0x00000001057b5000

CodeCache: size=245760Kb used=71617Kb max_used=71759Kb free=174142Kb
 bounds [0x000000010eb21000, 0x00000001131c1000, 0x000000011db21000]
 total_blobs=22752 nmethods=21689 adapters=974
 compilation: enabled

Compilation events (10 events):
Event: 5072.960 Thread 0x00007fb53181c800 28081       3       org.jetbrains.kotlin.gradle.tasks.SourceRoots$ForJvm$Companion$create$javaSourceRoots$1::invoke (11 bytes)
Event: 5072.961 Thread 0x00007fb53181c800 nmethod 28081 0x0000000110ce1890 code [0x0000000110ce1a80, 0x0000000110ce2008]
Event: 5072.979 Thread 0x00007fb53181c800 28082   !   3       java.net.AbstractPlainSocketImpl::isClosedOrPending (34 bytes)
Event: 5072.979 Thread 0x00007fb53181c800 nmethod 28082 0x000000010f80f750 code [0x000000010f80f8c0, 0x000000010f80fc70]
Event: 5072.989 Thread 0x00007fb53181c800 28083       3       java.net.Socket::getImpl (17 bytes)
Event: 5072.989 Thread 0x00007fb53181c800 nmethod 28083 0x000000010f760090 code [0x000000010f760200, 0x000000010f760468]
Event: 5072.993 Thread 0x00007fb53181c800 28084       3       sun.rmi.transport.StreamRemoteCall::getOutputStream (39 bytes)
Event: 5072.993 Thread 0x00007fb53181c800 nmethod 28084 0x000000010f979590 code [0x000000010f979720, 0x000000010f9799f8]
Event: 5073.001 Thread 0x00007fb53181c800 28085       3       sun.rmi.transport.tcp.TCPConnection::releaseInputStream (1 bytes)
Event: 5073.001 Thread 0x00007fb53181c800 nmethod 28085 0x000000010f251990 code [0x000000010f251ae0, 0x000000010f251c30]

GC Heap History (10 events):
Event: 3916.792 GC heap before
{Heap before GC invocations=36 (full 4):
 PSYoungGen      total 491520K, used 491498K [0x00000007a0000000, 0x00000007c0000000, 0x00000007c0000000)
  eden space 463360K, 100% used [0x00000007a0000000,0x00000007bc480000,0x00000007bc480000)
  from space 28160K, 99% used [0x00000007bc480000,0x00000007bdffa8a8,0x00000007be000000)
  to   space 32768K, 0% used [0x00000007be000000,0x00000007be000000,0x00000007c0000000)
 ParOldGen       total 175616K, used 70614K [0x0000000760000000, 0x000000076ab80000, 0x00000007a0000000)
  object space 175616K, 40% used [0x0000000760000000,0x00000007644f5810,0x000000076ab80000)
 Metaspace       used 106036K, capacity 110407K, committed 110848K, reserved 1146880K
  class space    used 13231K, capacity 14096K, committed 14336K, reserved 1048576K
Event: 3916.841 GC heap after
Heap after GC invocations=36 (full 4):
 PSYoungGen      total 468992K, used 32758K [0x00000007a0000000, 0x00000007c0000000, 0x00000007c0000000)
  eden space 436224K, 0% used [0x00000007a0000000,0x00000007a0000000,0x00000007baa00000)
  from space 32768K, 99% used [0x00000007be000000,0x00000007bfffdae0,0x00000007c0000000)
  to   space 44032K, 0% used [0x00000007baa00000,0x00000007baa00000,0x00000007bd500000)
 ParOldGen       total 175616K, used 70687K [0x0000000760000000, 0x000000076ab80000, 0x00000007a0000000)
  object space 175616K, 40% used [0x0000000760000000,0x0000000764507e38,0x000000076ab80000)
 Metaspace       used 106036K, capacity 110407K, committed 110848K, reserved 1146880K
  class space    used 13231K, capacity 14096K, committed 14336K, reserved 1048576K
}
Event: 3917.061 GC heap before
{Heap before GC invocations=37 (full 4):
 PSYoungGen      total 468992K, used 468789K [0x00000007a0000000, 0x00000007c0000000, 0x00000007c0000000)
  eden space 436224K, 99% used [0x00000007a0000000,0x00000007ba9cf9e0,0x00000007baa00000)
  from space 32768K, 99% used [0x00000007be000000,0x00000007bfffdae0,0x00000007c0000000)
  to   space 44032K, 0% used [0x00000007baa00000,0x00000007baa00000,0x00000007bd500000)
 ParOldGen       total 175616K, used 70687K [0x0000000760000000, 0x000000076ab80000, 0x00000007a0000000)
  object space 175616K, 40% used [0x0000000760000000,0x0000000764507e38,0x000000076ab80000)
 Metaspace       used 106068K, capacity 110471K, committed 110848K, reserved 1146880K
  class space    used 13231K, capacity 14096K, committed 14336K, reserved 1048576K
Event: 3917.099 GC heap after
Heap after GC invocations=37 (full 4):
 PSYoungGen      total 480256K, used 23143K [0x00000007a0000000, 0x00000007c0000000, 0x00000007c0000000)
  eden space 436224K, 0% used [0x00000007a0000000,0x00000007a0000000,0x00000007baa00000)
  from space 44032K, 52% used [0x00000007baa00000,0x00000007bc099fe0,0x00000007bd500000)
  to   space 42496K, 0% used [0x00000007bd680000,0x00000007bd680000,0x00000007c0000000)
 ParOldGen       total 175616K, used 76580K [0x0000000760000000, 0x000000076ab80000, 0x00000007a0000000)
  object space 175616K, 43% used [0x0000000760000000,0x0000000764ac9328,0x000000076ab80000)
 Metaspace       used 106068K, capacity 110471K, committed 110848K, reserved 1146880K
  class space    used 13231K, capacity 14096K, committed 14336K, reserved 1048576K
}
Event: 4267.555 GC heap before
{Heap before GC invocations=38 (full 4):
 PSYoungGen      total 480256K, used 459367K [0x00000007a0000000, 0x00000007c0000000, 0x00000007c0000000)
  eden space 436224K, 100% used [0x00000007a0000000,0x00000007baa00000,0x00000007baa00000)
  from space 44032K, 52% used [0x00000007baa00000,0x00000007bc099fe0,0x00000007bd500000)
  to   space 42496K, 0% used [0x00000007bd680000,0x00000007bd680000,0x00000007c0000000)
 ParOldGen       total 175616K, used 76580K [0x0000000760000000, 0x000000076ab80000, 0x00000007a0000000)
  object space 175616K, 43% used [0x0000000760000000,0x0000000764ac9328,0x000000076ab80000)
 Metaspace       used 107079K, capacity 111621K, committed 112000K, reserved 1146880K
  class space    used 13373K, capacity 14261K, committed 14464K, reserved 1048576K
Event: 4267.612 GC heap after
Heap after GC invocations=38 (full 4):
 PSYoungGen      total 475648K, used 22153K [0x00000007a0000000, 0x00000007bfb80000, 0x00000007c0000000)
  eden space 437760K, 0% used [0x00000007a0000000,0x00000007a0000000,0x00000007bab80000)
  from space 37888K, 58% used [0x00000007bd680000,0x00000007bec225e0,0x00000007bfb80000)
  to   space 40960K, 0% used [0x00000007bab80000,0x00000007bab80000,0x00000007bd380000)
 ParOldGen       total 175616K, used 80372K [0x0000000760000000, 0x000000076ab80000, 0x00000007a0000000)
  object space 175616K, 45% used [0x0000000760000000,0x0000000764e7d320,0x000000076ab80000)
 Metaspace       used 107079K, capacity 111621K, committed 112000K, reserved 1146880K
  class space    used 13373K, capacity 14261K, committed 14464K, reserved 1048576K
}
Event: 4635.541 GC heap before
{Heap before GC invocations=39 (full 4):
 PSYoungGen      total 475648K, used 459913K [0x00000007a0000000, 0x00000007bfb80000, 0x00000007c0000000)
  eden space 437760K, 100% used [0x00000007a0000000,0x00000007bab80000,0x00000007bab80000)
  from space 37888K, 58% used [0x00000007bd680000,0x00000007bec225e0,0x00000007bfb80000)
  to   space 40960K, 0% used [0x00000007bab80000,0x00000007bab80000,0x00000007bd380000)
 ParOldGen       total 175616K, used 80372K [0x0000000760000000, 0x000000076ab80000, 0x00000007a0000000)
  object space 175616K, 45% used [0x0000000760000000,0x0000000764e7d320,0x000000076ab80000)
 Metaspace       used 108107K, capacity 112799K, committed 113152K, reserved 1148928K
  class space    used 13461K, capacity 14392K, committed 14592K, reserved 1048576K
Event: 4635.626 GC heap after
Heap after GC invocations=39 (full 4):
 PSYoungGen      total 478720K, used 21134K [0x00000007a0000000, 0x00000007bff00000, 0x00000007c0000000)
  eden space 437760K, 0% used [0x00000007a0000000,0x00000007a0000000,0x00000007bab80000)
  from space 40960K, 51% used [0x00000007bab80000,0x00000007bc0239e0,0x00000007bd380000)
  to   space 38912K, 0% used [0x00000007bd900000,0x00000007bd900000,0x00000007bff00000)
 ParOldGen       total 175616K, used 82228K [0x0000000760000000, 0x000000076ab80000, 0x00000007a0000000)
  object space 175616K, 46% used [0x0000000760000000,0x000000076504d3d0,0x000000076ab80000)
 Metaspace       used 108107K, capacity 112799K, committed 113152K, reserved 1148928K
  class space    used 13461K, capacity 14392K, committed 14592K, reserved 1048576K
}
Event: 4833.517 GC heap before
{Heap before GC invocations=40 (full 4):
 PSYoungGen      total 478720K, used 458894K [0x00000007a0000000, 0x00000007bff00000, 0x00000007c0000000)
  eden space 437760K, 100% used [0x00000007a0000000,0x00000007bab80000,0x00000007bab80000)
  from space 40960K, 51% used [0x00000007bab80000,0x00000007bc0239e0,0x00000007bd380000)
  to   space 38912K, 0% used [0x00000007bd900000,0x00000007bd900000,0x00000007bff00000)
 ParOldGen       total 175616K, used 82228K [0x0000000760000000, 0x000000076ab80000, 0x00000007a0000000)
  object space 175616K, 46% used [0x0000000760000000,0x000000076504d3d0,0x000000076ab80000)
 Metaspace       used 109439K, capacity 115695K, committed 116096K, reserved 1150976K
  class space    used 13676K, capacity 14788K, committed 14976K, reserved 1048576K
Event: 4833.562 GC heap after
Heap after GC invocations=40 (full 4):
 PSYoungGen      total 479232K, used 20852K [0x00000007a0000000, 0x00000007bfb00000, 0x00000007c0000000)
  eden space 444416K, 0% used [0x00000007a0000000,0x00000007a0000000,0x00000007bb200000)
  from space 34816K, 59% used [0x00000007bd900000,0x00000007bed5d1c8,0x00000007bfb00000)
  to   space 37376K, 0% used [0x00000007bb200000,0x00000007bb200000,0x00000007bd680000)
 ParOldGen       total 175616K, used 82300K [0x0000000760000000, 0x000000076ab80000, 0x00000007a0000000)
  object space 175616K, 46% used [0x0000000760000000,0x000000076505f3d0,0x000000076ab80000)
 Metaspace       used 109439K, capacity 115695K, committed 116096K, reserved 1150976K
  class space    used 13676K, capacity 14788K, committed 14976K, reserved 1048576K
}

Deoptimization events (10 events):
Event: 4655.373 Thread 0x00007fb534a17000 Uncommon trap: reason=unstable_if action=reinterpret pc=0x0000000110d69d0c method=java.util.concurrent.ConcurrentLinkedQueue.poll()Ljava/lang/Object; @ 74
Event: 4733.131 Thread 0x00007fb538b14000 Uncommon trap: reason=bimorphic action=maybe_recompile pc=0x00000001116404a0 method=com.google.common.cache.LocalCache$Segment.enqueueNotification(Ljava/lang/Object;ILcom/google/common/cache/LocalCache$ValueReference;Lcom/google/common/cache/RemovalCause;
Event: 4833.243 Thread 0x00007fb5337cd800 Uncommon trap: reason=unstable_if action=reinterpret pc=0x00000001114eea3c method=java.util.concurrent.locks.AbstractQueuedSynchronizer.hasQueuedPredecessors()Z @ 21
Event: 4833.484 Thread 0x00007fb538265000 Uncommon trap: reason=null_check action=make_not_entrant pc=0x000000010efb1c48 method=org.gradle.api.internal.tasks.properties.bean.AbstractNestedRuntimeBeanNode$DefaultPropertyValue$1.get()Ljava/lang/Object; @ 13
Event: 4833.812 Thread 0x00007fb534149000 Uncommon trap: reason=unstable_if action=reinterpret pc=0x000000010f04a584 method=java.util.concurrent.ConcurrentLinkedQueue.poll()Ljava/lang/Object; @ 74
Event: 4960.279 Thread 0x00007fb53437a000 Uncommon trap: reason=unstable_if action=reinterpret pc=0x000000011029e0dc method=org.gradle.internal.logging.console.BuildLogLevelFilterRenderer.onOutput(Lorg/gradle/internal/logging/events/OutputEvent;)V @ 18
Event: 4962.710 Thread 0x00007fb53807a000 Uncommon trap: reason=bimorphic action=maybe_recompile pc=0x00000001130660d0 method=com.android.tools.r8.ir.regalloc.SpillMoveSet.scheduleAndInsertMoves(I)I @ 67
Event: 4962.730 Thread 0x00007fb53807a000 Uncommon trap: reason=bimorphic action=maybe_recompile pc=0x00000001130660d0 method=com.android.tools.r8.ir.regalloc.SpillMoveSet.scheduleAndInsertMoves(I)I @ 67
Event: 4962.732 Thread 0x00007fb53807a000 Uncommon trap: reason=bimorphic action=maybe_recompile pc=0x00000001130660d0 method=com.android.tools.r8.ir.regalloc.SpillMoveSet.scheduleAndInsertMoves(I)I @ 67
Event: 4962.744 Thread 0x00007fb53807a000 Uncommon trap: reason=bimorphic action=maybe_recompile pc=0x00000001130660d0 method=com.android.tools.r8.ir.regalloc.SpillMoveSet.scheduleAndInsertMoves(I)I @ 67

Classes redefined (0 events):
No events

Internal exceptions (10 events):
Event: 4833.930 Thread 0x00007fb534449000 Exception <a 'java/lang/InterruptedException'> (0x00000007a1ec5040) thrown at [/Volumes/android/AOSP-openjdk-git/jdk8u/hotspot/src/share/vm/runtime/objectMonitor.cpp, line 1684]
Event: 4836.327 Thread 0x00007fb534ea6000 Exception <a 'sun/nio/fs/UnixException'> (0x00000007a56d00b0) thrown at [/Volumes/android/AOSP-openjdk-git/jdk8u/hotspot/src/share/vm/prims/jni.cpp, line 709]
Event: 4836.370 Thread 0x00007fb534ea6000 Exception <a 'sun/nio/fs/UnixException'> (0x00000007a57626d0) thrown at [/Volumes/android/AOSP-openjdk-git/jdk8u/hotspot/src/share/vm/prims/jni.cpp, line 709]
Event: 4836.383 Thread 0x00007fb534ea6000 Exception <a 'sun/nio/fs/UnixException'> (0x00000007a57aa780) thrown at [/Volumes/android/AOSP-openjdk-git/jdk8u/hotspot/src/share/vm/prims/jni.cpp, line 709]
Event: 4836.385 Thread 0x00007fb534ea6000 Exception <a 'sun/nio/fs/UnixException'> (0x00000007a57b4478) thrown at [/Volumes/android/AOSP-openjdk-git/jdk8u/hotspot/src/share/vm/prims/jni.cpp, line 709]
Event: 4836.520 Thread 0x00007fb539e2b000 Exception <a 'sun/nio/fs/UnixException'> (0x00000007a6608d80) thrown at [/Volumes/android/AOSP-openjdk-git/jdk8u/hotspot/src/share/vm/prims/jni.cpp, line 709]
Event: 4960.923 Thread 0x00007fb535fcf000 Exception <a 'java/lang/InterruptedException'> (0x00000007aaaf3370) thrown at [/Volumes/android/AOSP-openjdk-git/jdk8u/hotspot/src/share/vm/runtime/objectMonitor.cpp, line 1684]
Event: 4962.752 Thread 0x00007fb53807a000 Exception <a 'sun/nio/fs/UnixException'> (0x00000007ade86e50) thrown at [/Volumes/android/AOSP-openjdk-git/jdk8u/hotspot/src/share/vm/prims/jni.cpp, line 709]
Event: 4962.890 Thread 0x00007fb53807f800 Exception <a 'sun/nio/fs/UnixException'> (0x00000007aec80780) thrown at [/Volumes/android/AOSP-openjdk-git/jdk8u/hotspot/src/share/vm/prims/jni.cpp, line 709]
Event: 5072.999 Thread 0x00007fb5386b6000 Exception <a 'java/lang/InterruptedException'> (0x00000007b2fbfb98) thrown at [/Volumes/android/AOSP-openjdk-git/jdk8u/hotspot/src/share/vm/runtime/objectMonitor.cpp, line 1684]

Events (10 events):
Event: 5072.964 Thread 0x00007fb53181c800 flushing nmethod 0x0000000111123d50
Event: 5072.986 Thread 0x00007fb5386b6000 Thread added: 0x00007fb5386b6000
Event: 5072.986 Executing VM operation: RevokeBias
Event: 5072.986 Executing VM operation: RevokeBias done
Event: 5073.003 Thread 0x00007fb53181c800 flushing nmethod 0x0000000112069d50
Event: 5073.003 Thread 0x00007fb53181c800 flushing nmethod 0x000000011206af50
Event: 5073.003 Thread 0x00007fb53181c800 flushing nmethod 0x000000011206bd90
Event: 5073.024 Thread 0x00007fb531aaf800 Thread added: 0x00007fb531aaf800
Event: 5073.027 Executing VM operation: BulkRevokeBias
Event: 5073.027 Executing VM operation: BulkRevokeBias done


Dynamic libraries:
0x00000000273d5000 	/System/Library/Frameworks/Cocoa.framework/Versions/A/Cocoa
0x00000000273d5000 	/System/Library/Frameworks/Security.framework/Versions/A/Security
0x00000000273d5000 	/System/Library/Frameworks/ApplicationServices.framework/Versions/A/ApplicationServices
0x00000000273d5000 	/usr/lib/libz.1.dylib
0x00000000273d5000 	/usr/lib/libSystem.B.dylib
0x00000000273d5000 	/System/Library/Frameworks/CoreFoundation.framework/Versions/A/CoreFoundation
0x00000000273d5000 	/System/Library/Frameworks/Foundation.framework/Versions/C/Foundation
0x00000000273d5000 	/usr/lib/libobjc.A.dylib
0x00000000273d5000 	/System/Library/Frameworks/AppKit.framework/Versions/C/AppKit
0x00000000273d5000 	/System/Library/Frameworks/CoreData.framework/Versions/A/CoreData
0x00000000273d5000 	/System/Library/PrivateFrameworks/RemoteViewServices.framework/Versions/A/RemoteViewServices
0x00000000273d5000 	/System/Library/PrivateFrameworks/UIFoundation.framework/Versions/A/UIFoundation
0x00000000273d5000 	/System/Library/PrivateFrameworks/XCTTargetBootstrap.framework/Versions/A/XCTTargetBootstrap
0x00000000273d5000 	/System/Library/PrivateFrameworks/IconServices.framework/Versions/A/IconServices
0x00000000273d5000 	/System/Library/Frameworks/Metal.framework/Versions/A/Metal
0x00000000273d5000 	/System/Library/PrivateFrameworks/DesktopServicesPriv.framework/Versions/A/DesktopServicesPriv
0x00000000273d5000 	/usr/lib/libenergytrace.dylib
0x00000000273d5000 	/System/Library/PrivateFrameworks/SkyLight.framework/Versions/A/SkyLight
0x00000000273d5000 	/System/Library/Frameworks/CoreGraphics.framework/Versions/A/CoreGraphics
0x00000000273d5000 	/System/Library/Frameworks/Accelerate.framework/Versions/A/Accelerate
0x00000000273d5000 	/System/Library/Frameworks/IOSurface.framework/Versions/A/IOSurface
0x00000000273d5000 	/System/Library/PrivateFrameworks/DFRFoundation.framework/Versions/A/DFRFoundation
0x00000000273d5000 	/System/Library/Frameworks/AudioToolbox.framework/Versions/A/AudioToolbox
0x00000000273d5000 	/System/Library/Frameworks/AudioUnit.framework/Versions/A/AudioUnit
0x00000000273d5000 	/System/Library/PrivateFrameworks/DataDetectorsCore.framework/Versions/A/DataDetectorsCore
0x00000000273d5000 	/System/Library/Frameworks/Carbon.framework/Versions/A/Frameworks/HIToolbox.framework/Versions/A/HIToolbox
0x00000000273d5000 	/usr/lib/libicucore.A.dylib
0x00000000273d5000 	/System/Library/Frameworks/QuartzCore.framework/Versions/A/QuartzCore
0x00000000273d5000 	/System/Library/Frameworks/Carbon.framework/Versions/A/Frameworks/SpeechRecognition.framework/Versions/A/SpeechRecognition
0x00000000273d5000 	/usr/lib/libauto.dylib
0x00000000273d5000 	/usr/lib/libxml2.2.dylib
0x00000000273d5000 	/System/Library/PrivateFrameworks/CoreUI.framework/Versions/A/CoreUI
0x00000000273d5000 	/System/Library/Frameworks/CoreAudio.framework/Versions/A/CoreAudio
0x00000000273d5000 	/System/Library/Frameworks/DiskArbitration.framework/Versions/A/DiskArbitration
0x00000000273d5000 	/usr/lib/liblangid.dylib
0x00000000273d5000 	/System/Library/PrivateFrameworks/MultitouchSupport.framework/Versions/A/MultitouchSupport
0x00000000273d5000 	/System/Library/Frameworks/IOKit.framework/Versions/A/IOKit
0x00000000273d5000 	/usr/lib/libDiagnosticMessagesClient.dylib
0x00000000273d5000 	/System/Library/Frameworks/CoreServices.framework/Versions/A/CoreServices
0x00000000273d5000 	/System/Library/PrivateFrameworks/PerformanceAnalysis.framework/Versions/A/PerformanceAnalysis
0x00000000273d5000 	/System/Library/Frameworks/OpenGL.framework/Versions/A/OpenGL
0x00000000273d5000 	/System/Library/Frameworks/ColorSync.framework/Versions/A/ColorSync
0x00000000273d5000 	/System/Library/Frameworks/CoreImage.framework/Versions/A/CoreImage
0x00000000273d5000 	/System/Library/Frameworks/CoreText.framework/Versions/A/CoreText
0x00000000273d5000 	/System/Library/Frameworks/ImageIO.framework/Versions/A/ImageIO
0x00000000273d5000 	/System/Library/PrivateFrameworks/Backup.framework/Versions/A/Backup
0x00000000273d5000 	/usr/lib/libarchive.2.dylib
0x00000000273d5000 	/System/Library/Frameworks/CFNetwork.framework/Versions/A/CFNetwork
0x00000000273d5000 	/System/Library/Frameworks/SystemConfiguration.framework/Versions/A/SystemConfiguration
0x00000000273d5000 	/usr/lib/libCRFSuite.dylib
0x00000000273d5000 	/usr/lib/libc++.1.dylib
0x00000000273d5000 	/usr/lib/libc++abi.dylib
0x00000000273d5000 	/usr/lib/system/libcache.dylib
0x00000000273d5000 	/usr/lib/system/libcommonCrypto.dylib
0x00000000273d5000 	/usr/lib/system/libcompiler_rt.dylib
0x00000000273d5000 	/usr/lib/system/libcopyfile.dylib
0x00000000273d5000 	/usr/lib/system/libcorecrypto.dylib
0x00000000273d5000 	/usr/lib/system/libdispatch.dylib
0x00000000273d5000 	/usr/lib/system/libdyld.dylib
0x00000000273d5000 	/usr/lib/system/libkeymgr.dylib
0x00000000273d5000 	/usr/lib/system/liblaunch.dylib
0x00000000273d5000 	/usr/lib/system/libmacho.dylib
0x00000000273d5000 	/usr/lib/system/libquarantine.dylib
0x00000000273d5000 	/usr/lib/system/libremovefile.dylib
0x00000000273d5000 	/usr/lib/system/libsystem_asl.dylib
0x00000000273d5000 	/usr/lib/system/libsystem_blocks.dylib
0x00000000273d5000 	/usr/lib/system/libsystem_c.dylib
0x00000000273d5000 	/usr/lib/system/libsystem_configuration.dylib
0x00000000273d5000 	/usr/lib/system/libsystem_coreservices.dylib
0x00000000273d5000 	/usr/lib/system/libsystem_darwin.dylib
0x00000000273d5000 	/usr/lib/system/libsystem_dnssd.dylib
0x00000000273d5000 	/usr/lib/system/libsystem_info.dylib
0x00000000273d5000 	/usr/lib/system/libsystem_m.dylib
0x00000000273d5000 	/usr/lib/system/libsystem_malloc.dylib
0x00000000273d5000 	/usr/lib/system/libsystem_networkextension.dylib
0x00000000273d5000 	/usr/lib/system/libsystem_notify.dylib
0x00000000273d5000 	/usr/lib/system/libsystem_sandbox.dylib
0x00000000273d5000 	/usr/lib/system/libsystem_secinit.dylib
0x00000000273d5000 	/usr/lib/system/libsystem_kernel.dylib
0x00000000273d5000 	/usr/lib/system/libsystem_platform.dylib
0x00000000273d5000 	/usr/lib/system/libsystem_pthread.dylib
0x00000000273d5000 	/usr/lib/system/libsystem_symptoms.dylib
0x00000000273d5000 	/usr/lib/system/libsystem_trace.dylib
0x00000000273d5000 	/usr/lib/system/libunwind.dylib
0x00000000273d5000 	/usr/lib/system/libxpc.dylib
0x00000000273d5000 	/usr/lib/libbsm.0.dylib
0x00000000273d5000 	/usr/lib/system/libkxld.dylib
0x00000000273d5000 	/System/Library/PrivateFrameworks/AppleFSCompression.framework/Versions/A/AppleFSCompression
0x00000000273d5000 	/usr/lib/libOpenScriptingUtil.dylib
0x00000000273d5000 	/usr/lib/libcoretls.dylib
0x00000000273d5000 	/usr/lib/libcoretls_cfhelpers.dylib
0x00000000273d5000 	/usr/lib/libpam.2.dylib
0x00000000273d5000 	/usr/lib/libsqlite3.dylib
0x00000000273d5000 	/usr/lib/libxar.1.dylib
0x00000000273d5000 	/usr/lib/libbz2.1.0.dylib
0x00000000273d5000 	/usr/lib/liblzma.5.dylib
0x00000000273d5000 	/usr/lib/libnetwork.dylib
0x00000000273d5000 	/usr/lib/libapple_nghttp2.dylib
0x00000000273d5000 	/usr/lib/libpcap.A.dylib
0x00000000273d5000 	/System/Library/Frameworks/CoreServices.framework/Versions/A/Frameworks/FSEvents.framework/Versions/A/FSEvents
0x00000000273d5000 	/System/Library/Frameworks/CoreServices.framework/Versions/A/Frameworks/CarbonCore.framework/Versions/A/CarbonCore
0x00000000273d5000 	/System/Library/Frameworks/CoreServices.framework/Versions/A/Frameworks/Metadata.framework/Versions/A/Metadata
0x00000000273d5000 	/System/Library/Frameworks/CoreServices.framework/Versions/A/Frameworks/OSServices.framework/Versions/A/OSServices
0x00000000273d5000 	/System/Library/Frameworks/CoreServices.framework/Versions/A/Frameworks/SearchKit.framework/Versions/A/SearchKit
0x00000000273d5000 	/System/Library/Frameworks/CoreServices.framework/Versions/A/Frameworks/AE.framework/Versions/A/AE
0x00000000273d5000 	/System/Library/Frameworks/CoreServices.framework/Versions/A/Frameworks/LaunchServices.framework/Versions/A/LaunchServices
0x00000000273d5000 	/System/Library/Frameworks/CoreServices.framework/Versions/A/Frameworks/DictionaryServices.framework/Versions/A/DictionaryServices
0x00000000273d5000 	/System/Library/Frameworks/CoreServices.framework/Versions/A/Frameworks/SharedFileList.framework/Versions/A/SharedFileList
0x00000000273d5000 	/System/Library/Frameworks/NetFS.framework/Versions/A/NetFS
0x00000000273d5000 	/System/Library/PrivateFrameworks/NetAuth.framework/Versions/A/NetAuth
0x00000000273d5000 	/System/Library/PrivateFrameworks/login.framework/Versions/A/Frameworks/loginsupport.framework/Versions/A/loginsupport
0x00000000273d5000 	/System/Library/PrivateFrameworks/TCC.framework/Versions/A/TCC
0x00000000273d5000 	/System/Library/PrivateFrameworks/CoreNLP.framework/Versions/A/CoreNLP
0x00000000273d5000 	/System/Library/PrivateFrameworks/MetadataUtilities.framework/Versions/A/MetadataUtilities
0x00000000273d5000 	/usr/lib/libmecabra.dylib
0x00000000273d5000 	/System/Library/Frameworks/ApplicationServices.framework/Versions/A/Frameworks/ATS.framework/Versions/A/ATS
0x00000000273d5000 	/System/Library/Frameworks/ApplicationServices.framework/Versions/A/Frameworks/ColorSyncLegacy.framework/Versions/A/ColorSyncLegacy
0x00000000273d5000 	/System/Library/Frameworks/ApplicationServices.framework/Versions/A/Frameworks/HIServices.framework/Versions/A/HIServices
0x00000000273d5000 	/System/Library/Frameworks/ApplicationServices.framework/Versions/A/Frameworks/LangAnalysis.framework/Versions/A/LangAnalysis
0x00000000273d5000 	/System/Library/Frameworks/ApplicationServices.framework/Versions/A/Frameworks/PrintCore.framework/Versions/A/PrintCore
0x00000000273d5000 	/System/Library/Frameworks/ApplicationServices.framework/Versions/A/Frameworks/QD.framework/Versions/A/QD
0x00000000273d5000 	/System/Library/Frameworks/ApplicationServices.framework/Versions/A/Frameworks/SpeechSynthesis.framework/Versions/A/SpeechSynthesis
0x00000000273d5000 	/usr/lib/libcompression.dylib
0x00000000273d5000 	/System/Library/Frameworks/CoreDisplay.framework/Versions/A/CoreDisplay
0x00000000273d5000 	/System/Library/Frameworks/MetalPerformanceShaders.framework/Versions/A/MetalPerformanceShaders
0x00000000273d5000 	/System/Library/Frameworks/Accelerate.framework/Versions/A/Frameworks/vImage.framework/Versions/A/vImage
0x00000000273d5000 	/System/Library/Frameworks/Accelerate.framework/Versions/A/Frameworks/vecLib.framework/Versions/A/vecLib
0x00000000273d5000 	/System/Library/Frameworks/Accelerate.framework/Versions/A/Frameworks/vecLib.framework/Versions/A/libvMisc.dylib
0x00000000273d5000 	/System/Library/Frameworks/Accelerate.framework/Versions/A/Frameworks/vecLib.framework/Versions/A/libvDSP.dylib
0x00000000273d5000 	/System/Library/Frameworks/Accelerate.framework/Versions/A/Frameworks/vecLib.framework/Versions/A/libBLAS.dylib
0x00000000273d5000 	/System/Library/Frameworks/Accelerate.framework/Versions/A/Frameworks/vecLib.framework/Versions/A/libLAPACK.dylib
0x00000000273d5000 	/System/Library/Frameworks/Accelerate.framework/Versions/A/Frameworks/vecLib.framework/Versions/A/libLinearAlgebra.dylib
0x00000000273d5000 	/System/Library/Frameworks/Accelerate.framework/Versions/A/Frameworks/vecLib.framework/Versions/A/libSparseBLAS.dylib
0x00000000273d5000 	/System/Library/Frameworks/Accelerate.framework/Versions/A/Frameworks/vecLib.framework/Versions/A/libQuadrature.dylib
0x00000000273d5000 	/System/Library/Frameworks/Accelerate.framework/Versions/A/Frameworks/vecLib.framework/Versions/A/libBNNS.dylib
0x00000000273d5000 	/System/Library/Frameworks/Accelerate.framework/Versions/A/Frameworks/vecLib.framework/Versions/A/libSparse.dylib
0x00000000273d5000 	/System/Library/PrivateFrameworks/GPUWrangler.framework/Versions/A/GPUWrangler
0x00000000273d5000 	/System/Library/PrivateFrameworks/IOAccelerator.framework/Versions/A/IOAccelerator
0x00000000273d5000 	/System/Library/PrivateFrameworks/IOPresentment.framework/Versions/A/IOPresentment
0x00000000273d5000 	/System/Library/PrivateFrameworks/DSExternalDisplay.framework/Versions/A/DSExternalDisplay
0x00000000273d5000 	/System/Library/Frameworks/OpenGL.framework/Versions/A/Libraries/libCoreFSCache.dylib
0x00000000273d5000 	/System/Library/Frameworks/MetalPerformanceShaders.framework/Frameworks/MPSCore.framework/Versions/A/MPSCore
0x00000000273d5000 	/System/Library/Frameworks/MetalPerformanceShaders.framework/Frameworks/MPSImage.framework/Versions/A/MPSImage
0x00000000273d5000 	/System/Library/Frameworks/MetalPerformanceShaders.framework/Frameworks/MPSNeuralNetwork.framework/Versions/A/MPSNeuralNetwork
0x00000000273d5000 	/System/Library/Frameworks/MetalPerformanceShaders.framework/Frameworks/MPSMatrix.framework/Versions/A/MPSMatrix
0x00000000273d5000 	/System/Library/Frameworks/MetalPerformanceShaders.framework/Frameworks/MPSRayIntersector.framework/Versions/A/MPSRayIntersector
0x00000000273d5000 	/System/Library/PrivateFrameworks/MetalTools.framework/Versions/A/MetalTools
0x00000000273d5000 	/System/Library/PrivateFrameworks/AggregateDictionary.framework/Versions/A/AggregateDictionary
0x00000000273d5000 	/usr/lib/libMobileGestalt.dylib
0x00000000273d5000 	/System/Library/Frameworks/CoreVideo.framework/Versions/A/CoreVideo
0x00000000273d5000 	/System/Library/PrivateFrameworks/GraphVisualizer.framework/Versions/A/GraphVisualizer
0x00000000273d5000 	/System/Library/PrivateFrameworks/FaceCore.framework/Versions/A/FaceCore
0x00000000273d5000 	/System/Library/Frameworks/OpenCL.framework/Versions/A/OpenCL
0x00000000273d5000 	/usr/lib/libFosl_dynamic.dylib
0x00000000273d5000 	/System/Library/PrivateFrameworks/OTSVG.framework/Versions/A/OTSVG
0x00000000273d5000 	/System/Library/Frameworks/ApplicationServices.framework/Versions/A/Frameworks/ATS.framework/Versions/A/Resources/libFontParser.dylib
0x00000000273d5000 	/System/Library/Frameworks/ApplicationServices.framework/Versions/A/Frameworks/ATS.framework/Versions/A/Resources/libFontRegistry.dylib
0x00000000273d5000 	/System/Library/Frameworks/ImageIO.framework/Versions/A/Resources/libJPEG.dylib
0x00000000273d5000 	/System/Library/Frameworks/ImageIO.framework/Versions/A/Resources/libTIFF.dylib
0x00000000273d5000 	/System/Library/Frameworks/ImageIO.framework/Versions/A/Resources/libPng.dylib
0x00000000273d5000 	/System/Library/Frameworks/ImageIO.framework/Versions/A/Resources/libGIF.dylib
0x00000000273d5000 	/System/Library/Frameworks/ImageIO.framework/Versions/A/Resources/libJP2.dylib
0x00000000273d5000 	/System/Library/Frameworks/ImageIO.framework/Versions/A/Resources/libRadiance.dylib
0x00000000273d5000 	/System/Library/PrivateFrameworks/AppleJPEG.framework/Versions/A/AppleJPEG
0x00000000273d5000 	/System/Library/Frameworks/OpenGL.framework/Versions/A/Libraries/libGFXShared.dylib
0x00000000273d5000 	/System/Library/Frameworks/OpenGL.framework/Versions/A/Libraries/libGLU.dylib
0x00000000273d5000 	/System/Library/Frameworks/OpenGL.framework/Versions/A/Libraries/libGL.dylib
0x00000000273d5000 	/System/Library/Frameworks/OpenGL.framework/Versions/A/Libraries/libGLImage.dylib
0x00000000273d5000 	/System/Library/Frameworks/OpenGL.framework/Versions/A/Libraries/libCVMSPluginSupport.dylib
0x00000000273d5000 	/System/Library/Frameworks/OpenGL.framework/Versions/A/Libraries/libCoreVMClient.dylib
0x00000000273d5000 	/usr/lib/libcups.2.dylib
0x00000000273d5000 	/System/Library/Frameworks/Kerberos.framework/Versions/A/Kerberos
0x00000000273d5000 	/System/Library/Frameworks/GSS.framework/Versions/A/GSS
0x00000000273d5000 	/usr/lib/libresolv.9.dylib
0x00000000273d5000 	/usr/lib/libiconv.2.dylib
0x00000000273d5000 	/System/Library/PrivateFrameworks/Heimdal.framework/Versions/A/Heimdal
0x00000000273d5000 	/usr/lib/libheimdal-asn1.dylib
0x00000000273d5000 	/System/Library/Frameworks/OpenDirectory.framework/Versions/A/OpenDirectory
0x00000000273d5000 	/System/Library/PrivateFrameworks/CommonAuth.framework/Versions/A/CommonAuth
0x00000000273d5000 	/System/Library/Frameworks/OpenDirectory.framework/Versions/A/Frameworks/CFOpenDirectory.framework/Versions/A/CFOpenDirectory
0x00000000273d5000 	/System/Library/Frameworks/SecurityFoundation.framework/Versions/A/SecurityFoundation
0x00000000273d5000 	/System/Library/PrivateFrameworks/APFS.framework/Versions/A/APFS
0x00000000273d5000 	/usr/lib/libutil.dylib
0x00000000273d5000 	/usr/lib/libcharset.1.dylib
0x00000000273d5000 	/System/Library/PrivateFrameworks/AppleSauce.framework/Versions/A/AppleSauce
0x00000000273d5000 	/System/Library/PrivateFrameworks/AssertionServices.framework/Versions/A/AssertionServices
0x00000000273d5000 	/System/Library/PrivateFrameworks/BaseBoard.framework/Versions/A/BaseBoard
0x00000000273d5000 	/usr/lib/libmecab.1.0.0.dylib
0x00000000273d5000 	/usr/lib/libgermantok.dylib
0x00000000273d5000 	/usr/lib/libThaiTokenizer.dylib
0x00000000273d5000 	/usr/lib/libChineseTokenizer.dylib
0x00000000273d5000 	/System/Library/PrivateFrameworks/LanguageModeling.framework/Versions/A/LanguageModeling
0x00000000273d5000 	/System/Library/PrivateFrameworks/CoreEmoji.framework/Versions/A/CoreEmoji
0x00000000273d5000 	/System/Library/PrivateFrameworks/Lexicon.framework/Versions/A/Lexicon
0x00000000273d5000 	/System/Library/PrivateFrameworks/LinguisticData.framework/Versions/A/LinguisticData
0x00000000273d5000 	/usr/lib/libcmph.dylib
0x00000000273d5000 	/System/Library/Frameworks/ServiceManagement.framework/Versions/A/ServiceManagement
0x00000000273d5000 	/System/Library/PrivateFrameworks/BackgroundTaskManagement.framework/Versions/A/BackgroundTaskManagement
0x00000000273d5000 	/usr/lib/libxslt.1.dylib
0x00000000273d5000 	/System/Library/Frameworks/Carbon.framework/Versions/A/Frameworks/Ink.framework/Versions/A/Ink
0x00000000273d5000 	/System/Library/PrivateFrameworks/TextureIO.framework/Versions/A/TextureIO
0x00000000273d5000 	/usr/lib/libate.dylib
0x00000000273d5000 	/System/Library/PrivateFrameworks/CrashReporterSupport.framework/Versions/A/CrashReporterSupport
0x00000000273d5000 	/System/Library/PrivateFrameworks/Sharing.framework/Versions/A/Sharing
0x00000000273d5000 	/System/Library/PrivateFrameworks/AuthKit.framework/Versions/A/AuthKit
0x00000000273d5000 	/System/Library/PrivateFrameworks/Apple80211.framework/Versions/A/Apple80211
0x00000000273d5000 	/System/Library/PrivateFrameworks/CoreUtils.framework/Versions/A/CoreUtils
0x00000000273d5000 	/System/Library/Frameworks/CoreWLAN.framework/Versions/A/CoreWLAN
0x00000000273d5000 	/System/Library/Frameworks/IOBluetooth.framework/Versions/A/IOBluetooth
0x00000000273d5000 	/System/Library/PrivateFrameworks/ProtocolBuffer.framework/Versions/A/ProtocolBuffer
0x00000000273d5000 	/System/Library/PrivateFrameworks/MobileKeyBag.framework/Versions/A/MobileKeyBag
0x00000000273d5000 	/System/Library/PrivateFrameworks/CorePhoneNumbers.framework/Versions/A/CorePhoneNumbers
0x00000000273d5000 	/System/Library/PrivateFrameworks/AppleIDAuthSupport.framework/Versions/A/AppleIDAuthSupport
0x00000000273d5000 	/System/Library/PrivateFrameworks/KeychainCircle.framework/Versions/A/KeychainCircle
0x00000000273d5000 	/System/Library/PrivateFrameworks/ROCKit.framework/Versions/A/ROCKit
0x00000000273d5000 	/System/Library/PrivateFrameworks/CoreWiFi.framework/Versions/A/CoreWiFi
0x00000000273d5000 	/System/Library/Frameworks/CoreBluetooth.framework/Versions/A/CoreBluetooth
0x00000000273d5000 	/System/Library/PrivateFrameworks/DebugSymbols.framework/Versions/A/DebugSymbols
0x00000000273d5000 	/System/Library/PrivateFrameworks/CoreSymbolication.framework/Versions/A/CoreSymbolication
0x00000000273d5000 	/System/Library/PrivateFrameworks/Symbolication.framework/Versions/A/Symbolication
0x00000000273d5000 	/System/Library/PrivateFrameworks/SpeechRecognitionCore.framework/Versions/A/SpeechRecognitionCore
0x0000000106000000 	/Applications/Android Studio.app/Contents/jre/jdk/Contents/Home/jre/lib/server/libjvm.dylib
0x00000000273d5000 	/usr/lib/libstdc++.6.dylib
0x0000000105775000 	/Applications/Android Studio.app/Contents/jre/jdk/Contents/Home/jre/lib/libverify.dylib
0x0000000105781000 	/Applications/Android Studio.app/Contents/jre/jdk/Contents/Home/jre/lib/libjava.dylib
0x0000000106a9c000 	/Applications/Android Studio.app/Contents/jre/jdk/Contents/Home/jre/lib/libzip.dylib
0x000000010c6b7000 	/Applications/Android Studio.app/Contents/jre/jdk/Contents/Home/jre/lib/libnet.dylib
0x000000010c6ce000 	/Applications/Android Studio.app/Contents/jre/jdk/Contents/Home/jre/lib/libnio.dylib
0x000000010c176000 	/Users/Irfan/.gradle/native/25/osx-amd64/libnative-platform.dylib
0x000000010ca9f000 	/Applications/Android Studio.app/Contents/jre/jdk/Contents/Home/jre/lib/libmanagement.dylib
0x000000010d7c4000 	/Applications/Android Studio.app/Contents/jre/jdk/Contents/Home/jre/lib/libsunec.dylib
0x00000001210a8000 	/Applications/Android Studio.app/Contents/jre/jdk/Contents/Home/jre/lib/libawt.dylib
0x0000000121877000 	/Applications/Android Studio.app/Contents/jre/jdk/Contents/Home/jre/lib/./libmlib_image.dylib
0x00000000273d5000 	/System/Library/Frameworks/JavaVM.framework/Versions/A/Frameworks/JavaNativeFoundation.framework/Versions/A/JavaNativeFoundation
0x00000000273d5000 	/System/Library/Frameworks/JavaVM.framework/Versions/A/Frameworks/JavaRuntimeSupport.framework/Versions/A/JavaRuntimeSupport
0x00000000273d5000 	/System/Library/Frameworks/JavaVM.framework/Versions/A/JavaVM
0x00000000273d5000 	/System/Library/PrivateFrameworks/JavaLaunching.framework/Versions/A/JavaLaunching
0x00000000273d5000 	/System/Library/Frameworks/Carbon.framework/Versions/A/Carbon
0x00000000273d5000 	/System/Library/Frameworks/Carbon.framework/Versions/A/Frameworks/CommonPanels.framework/Versions/A/CommonPanels
0x00000000273d5000 	/System/Library/Frameworks/Carbon.framework/Versions/A/Frameworks/Help.framework/Versions/A/Help
0x00000000273d5000 	/System/Library/Frameworks/Carbon.framework/Versions/A/Frameworks/ImageCapture.framework/Versions/A/ImageCapture
0x00000000273d5000 	/System/Library/Frameworks/Carbon.framework/Versions/A/Frameworks/OpenScripting.framework/Versions/A/OpenScripting
0x00000000273d5000 	/System/Library/Frameworks/Carbon.framework/Versions/A/Frameworks/Print.framework/Versions/A/Print
0x00000000273d5000 	/System/Library/Frameworks/Carbon.framework/Versions/A/Frameworks/SecurityHI.framework/Versions/A/SecurityHI
0x0000000121931000 	/Applications/Android Studio.app/Contents/jre/jdk/Contents/Home/jre/lib/libawt_lwawt.dylib
0x000000011ddb4000 	/Applications/Android Studio.app/Contents/jre/jdk/Contents/Home/jre/lib/./libosxapp.dylib
0x00000000273d5000 	/System/Library/Frameworks/ExceptionHandling.framework/Versions/A/ExceptionHandling
0x000000010d7a9000 	/private/var/folders/49/vfywglvj5q378vsznwk1xn_c0000gp/T/native-platform8316265311109360847dir/libnative-platform.dylib

VM Arguments:
jvm_args: -Xmx1536m -Dfile.encoding=UTF-8 -Duser.country=ID -Duser.language=en -Duser.variant 
java_command: org.gradle.launcher.daemon.bootstrap.GradleDaemon 4.10.1
java_class_path (initial): /Users/Irfan/.gradle/wrapper/dists/gradle-4.10.1-all/455itskqi2qtf0v2sja68alqd/gradle-4.10.1/lib/gradle-launcher-4.10.1.jar
Launcher Type: SUN_STANDARD

Environment Variables:
PATH=/Users/Irfan/.rvm/gems/ruby-2.4.4/bin:/Users/Irfan/.rvm/gems/ruby-2.4.4@global/bin:/Users/Irfan/.rvm/rubies/ruby-2.4.4/bin:/Users/Irfan/.nvm/versions/node/v11.7.0/bin:/usr/bin:/bin:/usr/sbin:/sbin:/usr/local/bin:/Users/Irfan/.rvm/bin
SHELL=/bin/bash

Signal Handlers:
SIGSEGV: [libjvm.dylib+0x570b99], sa_mask[0]=11111111011111110111111111111111, sa_flags=SA_ONSTACK|SA_RESTART|SA_SIGINFO
SIGBUS: [libjvm.dylib+0x570b99], sa_mask[0]=11111111011111110111111111111111, sa_flags=SA_RESTART|SA_SIGINFO
SIGFPE: [libjvm.dylib+0x461f81], sa_mask[0]=11111111011111110111111111111111, sa_flags=SA_RESTART|SA_SIGINFO
SIGPIPE: [libjvm.dylib+0x461f81], sa_mask[0]=11111111011111110111111111111111, sa_flags=SA_RESTART|SA_SIGINFO
SIGXFSZ: [libjvm.dylib+0x461f81], sa_mask[0]=11111111011111110111111111111111, sa_flags=SA_RESTART|SA_SIGINFO
SIGILL: [libjvm.dylib+0x461f81], sa_mask[0]=11111111011111110111111111111111, sa_flags=SA_RESTART|SA_SIGINFO
SIGUSR1: SIG_DFL, sa_mask[0]=00000000000000000000000000000000, sa_flags=none
SIGUSR2: [libjvm.dylib+0x462892], sa_mask[0]=00100000000000000000000000000000, sa_flags=SA_RESTART|SA_SIGINFO
SIGHUP: [libjvm.dylib+0x460a7b], sa_mask[0]=11111111011111110111111111111111, sa_flags=SA_RESTART|SA_SIGINFO
SIGINT: [libjvm.dylib+0x460a7b], sa_mask[0]=11111111011111110111111111111111, sa_flags=SA_RESTART|SA_SIGINFO
SIGTERM: [libjvm.dylib+0x460a7b], sa_mask[0]=11111111011111110111111111111111, sa_flags=SA_RESTART|SA_SIGINFO
SIGQUIT: [libjvm.dylib+0x460a7b], sa_mask[0]=11111111011111110111111111111111, sa_flags=SA_RESTART|SA_SIGINFO


---------------  S Y S T E M  ---------------

OS:Bsduname:Darwin 18.5.0 Darwin Kernel Version 18.5.0: Mon Mar 11 20:40:32 PDT 2019; root:xnu-4903.251.3~3/RELEASE_X86_64 x86_64
rlimit: STACK 8192k, CORE 0k, NPROC 1064, NOFILE 10240, AS infinity
load average:2.14 2.40 2.39

CPU:total 4 (initial active 4) (2 cores per cpu, 2 threads per core) family 6 model 58 stepping 9, cmov, cx8, fxsr, mmx, sse, sse2, sse3, ssse3, sse4.1, sse4.2, popcnt, avx, aes, clmul, erms, ht, tsc, tscinvbit, tscinv

Memory: 4k page, physical 12582912k(846952k free)

/proc/meminfo:


vm_info: OpenJDK 64-Bit Server VM (25.152-b01) for bsd-amd64 JRE (1.8.0_152-release-1248-b01), built by "builder" with gcc 4.2.1 Compatible Apple LLVM 9.1.0 (clang-902.0.39.2)

time: Fri Apr 19 20:30:45 2019
elapsed time: 5073 seconds (0d 1h 24m 33s)

